2026-02-07 12:22:44 [main] INFO  org.ecommerce.base.BaseTest - All the Driver Actions is successfully initalized 
2026-02-07 12:22:44 [main] INFO  org.ecommerce.pom.LoginPage - user-name
2026-02-07 12:22:44 [main] INFO  org.ecommerce.utilities.ActionsDriver - Attribute value of the element is user-name
2026-02-07 12:22:45 [main] INFO  org.ecommerce.pom.LoginPage - UserName  is entered 
2026-02-07 12:22:45 [main] INFO  org.ecommerce.pom.LoginPage - password
2026-02-07 12:22:45 [main] INFO  org.ecommerce.utilities.ActionsDriver - Attribute value of the element is password
2026-02-07 12:22:45 [main] INFO  org.ecommerce.pom.LoginPage - Password is entered
2026-02-07 12:22:45 [main] INFO  org.ecommerce.pom.LoginPage - login-button
2026-02-07 12:22:46 [main] INFO  org.ecommerce.utilities.ActionsDriver - Attribute value of the element is login-button
2026-02-07 12:22:46 [main] INFO  org.ecommerce.pom.LoginPage - Loginbutton is clicked and  login successful 
2026-02-07 12:22:46 [main] INFO  org.ecommerce.pom.LoginPage - TestCase is completed for :LoginPage
2026-02-07 12:22:47 [main] INFO  org.ecommerce.base.BaseTest - Driver is sucessfully closed
2026-02-07 12:22:50 [main] INFO  org.ecommerce.base.BaseTest - All the Driver Actions is successfully initalized 
2026-02-07 12:22:50 [main] INFO  org.ecommerce.pom.LoginPage - user-name
2026-02-07 12:22:50 [main] INFO  org.ecommerce.utilities.ActionsDriver - Attribute value of the element is user-name
2026-02-07 12:22:50 [main] INFO  org.ecommerce.pom.LoginPage - UserName  is entered 
2026-02-07 12:22:50 [main] INFO  org.ecommerce.pom.LoginPage - password
2026-02-07 12:22:51 [main] INFO  org.ecommerce.utilities.ActionsDriver - Attribute value of the element is password
2026-02-07 12:22:51 [main] INFO  org.ecommerce.pom.LoginPage - Password is entered
2026-02-07 12:22:51 [main] INFO  org.ecommerce.pom.LoginPage - login-button
2026-02-07 12:22:51 [main] INFO  org.ecommerce.utilities.ActionsDriver - Attribute value of the element is login-button
2026-02-07 12:22:51 [main] INFO  org.ecommerce.pom.LoginPage - Loginbutton is clicked and  login successful 
2026-02-07 12:22:51 [main] INFO  org.ecommerce.pom.LoginPage - TestCase is completed for :LoginPage
2026-02-07 12:22:52 [main] INFO  org.ecommerce.base.BaseTest - Driver is sucessfully closed
2026-02-07 12:22:55 [main] INFO  org.ecommerce.base.BaseTest - All the Driver Actions is successfully initalized 
2026-02-07 12:22:55 [main] INFO  org.ecommerce.pom.LoginPage - user-name
2026-02-07 12:22:55 [main] INFO  org.ecommerce.utilities.ActionsDriver - Attribute value of the element is user-name
2026-02-07 12:22:55 [main] INFO  org.ecommerce.pom.LoginPage - UserName  is entered 
2026-02-07 12:22:56 [main] INFO  org.ecommerce.pom.LoginPage - password
2026-02-07 12:22:56 [main] INFO  org.ecommerce.utilities.ActionsDriver - Attribute value of the element is password
2026-02-07 12:22:56 [main] INFO  org.ecommerce.pom.LoginPage - Password is entered
2026-02-07 12:22:56 [main] INFO  org.ecommerce.pom.LoginPage - login-button
2026-02-07 12:22:56 [main] INFO  org.ecommerce.utilities.ActionsDriver - Attribute value of the element is login-button
2026-02-07 12:22:57 [main] INFO  org.ecommerce.pom.LoginPage - Loginbutton is clicked and  login successful 
2026-02-07 12:22:57 [main] INFO  org.ecommerce.pom.LoginPage - TestCase is completed for :LoginPage
2026-02-07 12:22:57 [main] INFO  org.ecommerce.base.BaseTest - Driver is sucessfully closed
2026-02-07 12:23:07 [main] INFO  org.ecommerce.base.BaseTest - All the Driver Actions is successfully initalized 
2026-02-07 12:23:07 [main] INFO  org.ecommerce.pom.LoginPage - user-name
2026-02-07 12:23:07 [main] INFO  org.ecommerce.utilities.ActionsDriver - Attribute value of the element is user-name
2026-02-07 12:23:07 [main] INFO  org.ecommerce.pom.LoginPage - UserName  is entered 
2026-02-07 12:23:08 [main] INFO  org.ecommerce.pom.LoginPage - password
2026-02-07 12:23:08 [main] INFO  org.ecommerce.utilities.ActionsDriver - Attribute value of the element is password
2026-02-07 12:23:08 [main] INFO  org.ecommerce.pom.LoginPage - Password is entered
2026-02-07 12:23:08 [main] INFO  org.ecommerce.pom.LoginPage - login-button
2026-02-07 12:23:08 [main] INFO  org.ecommerce.utilities.ActionsDriver - Attribute value of the element is login-button
2026-02-07 12:23:08 [main] INFO  org.ecommerce.pom.LoginPage - Loginbutton is clicked and  login successful 
2026-02-07 12:23:08 [main] INFO  org.ecommerce.pom.LoginPage - TestCase is completed for :LoginPage
2026-02-07 12:23:10 [main] INFO  org.ecommerce.base.BaseTest - Driver is sucessfully closed
2026-02-07 12:23:20 [main] INFO  org.ecommerce.base.BaseTest - All the Driver Actions is successfully initalized 
2026-02-07 12:23:20 [main] INFO  org.ecommerce.pom.LoginPage - user-name
2026-02-07 12:23:20 [main] INFO  org.ecommerce.utilities.ActionsDriver - Attribute value of the element is user-name
2026-02-07 12:23:20 [main] INFO  org.ecommerce.pom.LoginPage - UserName  is entered 
2026-02-07 12:23:20 [main] INFO  org.ecommerce.pom.LoginPage - password
2026-02-07 12:23:21 [main] INFO  org.ecommerce.utilities.ActionsDriver - Attribute value of the element is password
2026-02-07 12:23:21 [main] INFO  org.ecommerce.pom.LoginPage - Password is entered
2026-02-07 12:23:21 [main] INFO  org.ecommerce.pom.LoginPage - login-button
2026-02-07 12:23:21 [main] INFO  org.ecommerce.utilities.ActionsDriver - Attribute value of the element is login-button
2026-02-07 12:23:21 [main] INFO  org.ecommerce.pom.LoginPage - Loginbutton is clicked and  login successful 
2026-02-07 12:23:21 [main] INFO  org.ecommerce.pom.LoginPage - TestCase is completed for :LoginPage
2026-02-07 12:23:23 [main] INFO  org.ecommerce.base.BaseTest - Driver is sucessfully closed
2026-02-07 12:23:32 [main] INFO  org.ecommerce.base.BaseTest - All the Driver Actions is successfully initalized 
2026-02-07 12:23:32 [main] INFO  org.ecommerce.pom.LoginPage - user-name
2026-02-07 12:23:32 [main] INFO  org.ecommerce.utilities.ActionsDriver - Attribute value of the element is user-name
2026-02-07 12:23:33 [main] INFO  org.ecommerce.pom.LoginPage - UserName  is entered 
2026-02-07 12:23:33 [main] INFO  org.ecommerce.pom.LoginPage - password
2026-02-07 12:23:33 [main] INFO  org.ecommerce.utilities.ActionsDriver - Attribute value of the element is password
2026-02-07 12:23:33 [main] INFO  org.ecommerce.pom.LoginPage - Password is entered
2026-02-07 12:23:33 [main] INFO  org.ecommerce.pom.LoginPage - login-button
2026-02-07 12:23:33 [main] INFO  org.ecommerce.utilities.ActionsDriver - Attribute value of the element is login-button
2026-02-07 12:23:33 [main] INFO  org.ecommerce.pom.LoginPage - Loginbutton is clicked and  login successful 
2026-02-07 12:23:33 [main] INFO  org.ecommerce.pom.LoginPage - TestCase is completed for :LoginPage
2026-02-07 12:23:36 [main] INFO  org.ecommerce.base.BaseTest - Driver is sucessfully closed
