2026-02-09 18:43:02 [main] INFO  org.ecommerce.base.BaseTest - All the Driver Actions is successfully initalized 
2026-02-09 18:43:02 [main] INFO  org.ecommerce.pom.LoginPage - user-name
2026-02-09 18:43:02 [main] INFO  org.ecommerce.utilities.ActionsDriver - Attribute value of the element is user-name
2026-02-09 18:43:02 [main] INFO  org.ecommerce.pom.LoginPage - UserName  is entered 
2026-02-09 18:43:02 [main] INFO  org.ecommerce.pom.LoginPage - password
2026-02-09 18:43:02 [main] INFO  org.ecommerce.utilities.ActionsDriver - Attribute value of the element is password
2026-02-09 18:43:03 [main] INFO  org.ecommerce.pom.LoginPage - Password is entered
2026-02-09 18:43:03 [main] INFO  org.ecommerce.pom.LoginPage - login-button
2026-02-09 18:43:03 [main] INFO  org.ecommerce.utilities.ActionsDriver - Attribute value of the element is login-button
2026-02-09 18:43:03 [main] INFO  org.ecommerce.pom.LoginPage - Loginbutton is clicked and  login successful 
2026-02-09 18:43:03 [main] INFO  org.ecommerce.pom.LoginPage - TestCase is completed for :LoginPage
2026-02-09 18:43:05 [main] INFO  org.ecommerce.base.BaseTest - Driver is sucessfully closed
2026-02-09 18:43:13 [main] INFO  org.ecommerce.base.BaseTest - All the Driver Actions is successfully initalized 
2026-02-09 18:43:13 [main] INFO  org.ecommerce.pom.LoginPage - user-name
2026-02-09 18:43:13 [main] INFO  org.ecommerce.utilities.ActionsDriver - Attribute value of the element is user-name
2026-02-09 18:43:14 [main] INFO  org.ecommerce.pom.LoginPage - UserName  is entered 
2026-02-09 18:43:14 [main] INFO  org.ecommerce.pom.LoginPage - password
2026-02-09 18:43:14 [main] INFO  org.ecommerce.utilities.ActionsDriver - Attribute value of the element is password
2026-02-09 18:43:14 [main] INFO  org.ecommerce.pom.LoginPage - Password is entered
2026-02-09 18:43:14 [main] INFO  org.ecommerce.pom.LoginPage - login-button
2026-02-09 18:43:14 [main] INFO  org.ecommerce.utilities.ActionsDriver - Attribute value of the element is login-button
2026-02-09 18:43:14 [main] INFO  org.ecommerce.pom.LoginPage - Loginbutton is clicked and  login successful 
2026-02-09 18:43:14 [main] INFO  org.ecommerce.pom.LoginPage - TestCase is completed for :LoginPage
2026-02-09 18:43:16 [main] INFO  org.ecommerce.base.BaseTest - Driver is sucessfully closed
2026-02-09 18:43:24 [main] INFO  org.ecommerce.base.BaseTest - All the Driver Actions is successfully initalized 
2026-02-09 18:43:24 [main] INFO  org.ecommerce.pom.LoginPage - user-name
2026-02-09 18:43:25 [main] INFO  org.ecommerce.utilities.ActionsDriver - Attribute value of the element is user-name
2026-02-09 18:43:25 [main] INFO  org.ecommerce.pom.LoginPage - UserName  is entered 
2026-02-09 18:43:25 [main] INFO  org.ecommerce.pom.LoginPage - password
2026-02-09 18:43:25 [main] INFO  org.ecommerce.utilities.ActionsDriver - Attribute value of the element is password
2026-02-09 18:43:25 [main] INFO  org.ecommerce.pom.LoginPage - Password is entered
2026-02-09 18:43:25 [main] INFO  org.ecommerce.pom.LoginPage - login-button
2026-02-09 18:43:25 [main] INFO  org.ecommerce.utilities.ActionsDriver - Attribute value of the element is login-button
2026-02-09 18:43:26 [main] INFO  org.ecommerce.pom.LoginPage - Loginbutton is clicked and  login successful 
2026-02-09 18:43:26 [main] INFO  org.ecommerce.pom.LoginPage - TestCase is completed for :LoginPage
2026-02-09 18:43:27 [main] INFO  org.ecommerce.base.BaseTest - Driver is sucessfully closed
