2026-02-07 12:28:24 [main] INFO  org.ecommerce.base.BaseTest - All the Driver Actions is successfully initalized 
2026-02-07 12:28:24 [main] INFO  org.ecommerce.base.BaseTest - All the Driver Actions is successfully initalized 
2026-02-07 12:28:25 [main] INFO  org.ecommerce.pom.LoginPage - user-name
2026-02-07 12:28:25 [main] INFO  org.ecommerce.utilities.ActionsDriver - Attribute value of the element is user-name
2026-02-07 12:28:25 [main] INFO  org.ecommerce.pom.LoginPage - UserName  is entered 
2026-02-07 12:28:25 [main] INFO  org.ecommerce.pom.LoginPage - password
2026-02-07 12:28:25 [main] INFO  org.ecommerce.utilities.ActionsDriver - Attribute value of the element is password
2026-02-07 12:28:25 [main] INFO  org.ecommerce.pom.LoginPage - Password is entered
2026-02-07 12:28:25 [main] INFO  org.ecommerce.pom.LoginPage - login-button
2026-02-07 12:28:26 [main] INFO  org.ecommerce.utilities.ActionsDriver - Attribute value of the element is login-button
2026-02-07 12:28:26 [main] INFO  org.ecommerce.pom.LoginPage - Loginbutton is clicked and  login successful 
2026-02-07 12:28:26 [main] INFO  org.ecommerce.pom.LoginPage - TestCase is completed for :LoginPage
2026-02-07 12:28:28 [main] INFO  org.ecommerce.base.BaseTest - Driver is sucessfully closed
2026-02-07 12:28:37 [main] INFO  org.ecommerce.base.BaseTest - All the Driver Actions is successfully initalized 
2026-02-07 12:28:37 [main] INFO  org.ecommerce.base.BaseTest - All the Driver Actions is successfully initalized 
2026-02-07 12:28:38 [main] INFO  org.ecommerce.pom.LoginPage - user-name
2026-02-07 12:28:38 [main] INFO  org.ecommerce.utilities.ActionsDriver - Attribute value of the element is user-name
2026-02-07 12:28:38 [main] INFO  org.ecommerce.pom.LoginPage - UserName  is entered 
2026-02-07 12:28:38 [main] INFO  org.ecommerce.pom.LoginPage - password
2026-02-07 12:28:38 [main] INFO  org.ecommerce.utilities.ActionsDriver - Attribute value of the element is password
2026-02-07 12:28:38 [main] INFO  org.ecommerce.pom.LoginPage - Password is entered
2026-02-07 12:28:38 [main] INFO  org.ecommerce.pom.LoginPage - login-button
2026-02-07 12:28:38 [main] INFO  org.ecommerce.utilities.ActionsDriver - Attribute value of the element is login-button
2026-02-07 12:28:39 [main] INFO  org.ecommerce.pom.LoginPage - Loginbutton is clicked and  login successful 
2026-02-07 12:28:39 [main] INFO  org.ecommerce.pom.LoginPage - TestCase is completed for :LoginPage
2026-02-07 12:28:41 [main] INFO  org.ecommerce.base.BaseTest - Driver is sucessfully closed
2026-02-07 12:28:49 [main] INFO  org.ecommerce.base.BaseTest - All the Driver Actions is successfully initalized 
2026-02-07 12:28:50 [main] INFO  org.ecommerce.base.BaseTest - All the Driver Actions is successfully initalized 
2026-02-07 12:28:50 [main] INFO  org.ecommerce.pom.LoginPage - user-name
2026-02-07 12:28:50 [main] INFO  org.ecommerce.utilities.ActionsDriver - Attribute value of the element is user-name
2026-02-07 12:28:50 [main] INFO  org.ecommerce.pom.LoginPage - UserName  is entered 
2026-02-07 12:28:50 [main] INFO  org.ecommerce.pom.LoginPage - password
2026-02-07 12:28:50 [main] INFO  org.ecommerce.utilities.ActionsDriver - Attribute value of the element is password
2026-02-07 12:28:50 [main] INFO  org.ecommerce.pom.LoginPage - Password is entered
2026-02-07 12:28:50 [main] INFO  org.ecommerce.pom.LoginPage - login-button
2026-02-07 12:28:50 [main] INFO  org.ecommerce.utilities.ActionsDriver - Attribute value of the element is login-button
2026-02-07 12:28:51 [main] INFO  org.ecommerce.pom.LoginPage - Loginbutton is clicked and  login successful 
2026-02-07 12:28:51 [main] INFO  org.ecommerce.pom.LoginPage - TestCase is completed for :LoginPage
2026-02-07 12:28:52 [main] INFO  org.ecommerce.base.BaseTest - Driver is sucessfully closed
